{
  "RSpec": {
    "coverage": {
      "/Users/scwshoes/Projects/capstone/pota_db/config/environment.rb": [
        null,
        1,
        null,
        null,
        1
      ],
      "/Users/scwshoes/Projects/capstone/pota_db/config/application.rb": [
        1,
        null,
        null,
        1,
        1,
        1,
        1,
        null,
        null,
        null,
        null,
        1,
        null,
        1,
        1,
        null,
        null,
        null,
        null,
        null,
        null,
        null,
        null,
        null,
        null,
        null,
        null,
        null
      ],
      "/Users/scwshoes/Projects/capstone/pota_db/config/boot.rb": [
        null,
        1,
        null,
        1
      ],
      "/Users/scwshoes/Projects/capstone/pota_db/config/environments/test.rb": [
        1,
        null,
        null,
        null,
        null,
        null,
        null,
        1,
        null,
        null,
        null,
        null,
        1,
        null,
        null,
        1,
        1,
        null,
        null,
        1,
        1,
        null,
        null,
        1,
        null,
        null,
        1,
        null,
        null,
        null,
        null,
        1,
        null,
        null,
        1,
        null
      ],
      "/Users/scwshoes/Projects/capstone/pota_db/config/initializers/backtrace_silencers.rb": [
        null,
        null,
        null,
        null,
        null,
        null,
        null
      ],
      "/Users/scwshoes/Projects/capstone/pota_db/config/initializers/filter_parameter_logging.rb": [
        null,
        null,
        null,
        1
      ],
      "/Users/scwshoes/Projects/capstone/pota_db/config/initializers/inflections.rb": [
        null,
        null,
        null,
        null,
        null,
        null,
        null,
        null,
        null,
        null,
        null,
        null,
        null,
        null,
        null,
        null
      ],
      "/Users/scwshoes/Projects/capstone/pota_db/config/initializers/mime_types.rb": [
        null,
        null,
        null,
        null,
        null
      ],
      "/Users/scwshoes/Projects/capstone/pota_db/config/initializers/secret_token.rb": [
        null,
        null,
        null,
        null,
        null,
        null,
        null,
        null,
        null,
        null,
        null,
        1
      ],
      "/Users/scwshoes/Projects/capstone/pota_db/config/initializers/session_store.rb": [
        null,
        null,
        1
      ],
      "/Users/scwshoes/Projects/capstone/pota_db/config/initializers/wrap_parameters.rb": [
        null,
        null,
        null,
        null,
        null,
        null,
        1,
        1,
        null,
        null,
        null,
        null,
        null,
        null
      ],
      "/Users/scwshoes/Projects/capstone/pota_db/spec/factories/water_data.rb": [
        null,
        null,
        1,
        1,
        1,
        1,
        1,
        1,
        1,
        1,
        1,
        1,
        null,
        null,
        1,
        1,
        1,
        1,
        1,
        1,
        1,
        1,
        1,
        null,
        null
      ],
      "/Users/scwshoes/Projects/capstone/pota_db/config/routes.rb": [
        1,
        null,
        null,
        null,
        null,
        null,
        null,
        null,
        null,
        null,
        null,
        null,
        null,
        null,
        null,
        null,
        null,
        null,
        null,
        null,
        null,
        null,
        null,
        null,
        null,
        null,
        null,
        null,
        null,
        null,
        null,
        null,
        null,
        null,
        null,
        null,
        null,
        null,
        null,
        null,
        null,
        null,
        null,
        null,
        null,
        null,
        null,
        null,
        null,
        null,
        null,
        null,
        null,
        null,
        null,
        null
      ],
      "/Users/scwshoes/Projects/capstone/pota_db/app/helpers/application_helper.rb": [
        1,
        null
      ],
      "/Users/scwshoes/Projects/capstone/pota_db/app/helpers/queries_helper.rb": [
        1,
        null
      ],
      "/Users/scwshoes/Projects/capstone/pota_db/app/controllers/queries_controller.rb": [
        1,
        null
      ],
      "/Users/scwshoes/Projects/capstone/pota_db/app/controllers/application_controller.rb": [
        1,
        null,
        null,
        1,
        null
      ],
      "/Users/scwshoes/Projects/capstone/pota_db/spec/helpers/queries_helper_spec.rb": [
        1,
        null,
        null,
        null,
        null,
        null,
        null,
        null,
        null,
        null,
        null,
        null,
        1,
        1,
        null
      ],
      "/Users/scwshoes/Projects/capstone/pota_db/spec/models/water_data_spec.rb": [
        1,
        null,
        1,
        1,
        null
      ],
      "/Users/scwshoes/Projects/capstone/pota_db/app/models/water_data.rb": [
        1,
        null
      ]
    },
    "timestamp": 1397155920
  }
}
